2026-03-02 11:39:11,851 - INFO - Posting to LinkedIn...
2026-03-02 11:39:12,965 - INFO - Launching browser...
2026-03-02 11:39:14,163 - INFO - Navigating to LinkedIn...
2026-03-02 11:39:22,185 - INFO - Not logged in. Attempting login...
2026-03-02 11:39:28,228 - INFO - Waiting for login... (may take 30-60 seconds)
2026-03-02 11:39:58,229 - WARNING - Manual verification may be required
2026-03-02 11:39:58,230 - INFO - Waiting up to 2 minutes for manual verification...
2026-03-02 11:41:58,238 - ERROR - Login verification timeout
2026-03-02 11:41:58,306 - ERROR - Error: BrowserContext.close: Target page, context or browser has been closed
2026-03-02 11:44:03,366 - INFO - Posting to LinkedIn...
2026-03-02 11:44:04,671 - INFO - Launching browser...
2026-03-02 11:44:05,738 - INFO - Navigating to LinkedIn...
2026-03-02 11:44:13,230 - INFO - Not logged in. Attempting login...
2026-03-02 11:44:19,194 - INFO - Waiting for login... (may take 30-60 seconds)
2026-03-02 11:44:49,195 - WARNING - Manual verification may be required
2026-03-02 11:44:49,195 - INFO - Waiting up to 2 minutes for manual verification...
2026-03-02 11:46:31,390 - INFO - Posting to LinkedIn...
2026-03-02 11:46:32,448 - INFO - Launching browser...
2026-03-02 11:46:33,501 - INFO - Navigating to LinkedIn...
2026-03-02 11:46:40,979 - INFO - Not logged in. Attempting login...
2026-03-02 11:46:47,687 - INFO - Waiting for login... (may take 30-60 seconds)
2026-03-02 11:46:49,201 - ERROR - Login verification timeout
2026-03-02 11:46:49,244 - ERROR - Error: BrowserContext.close: Target page, context or browser has been closed
2026-03-02 11:47:17,687 - INFO - Looking for "Start a post" button...
2026-03-02 11:47:17,903 - ERROR - Could not find "Start a post" button
2026-03-02 12:10:58,641 - INFO - Posting to LinkedIn...
2026-03-02 12:10:59,678 - INFO - Launching browser...
2026-03-02 12:11:00,427 - INFO - Navigating to LinkedIn...
2026-03-02 12:11:09,221 - INFO - Looking for "Start a post" button...
2026-03-02 12:11:09,440 - ERROR - Could not find "Start a post" button
2026-03-02 12:12:47,728 - INFO - Posting to LinkedIn...
2026-03-02 12:12:48,730 - INFO - Launching browser...
2026-03-02 12:12:49,548 - INFO - Navigating to LinkedIn...
2026-03-02 12:13:51,309 - ERROR - Error: Page.goto: Timeout 60000ms exceeded.
Call log:
  - navigating to "https://www.linkedin.com/feed/", waiting until "networkidle"

