2026-03-02 12:24:38,338 - INFO - Starting LinkedIn final post...
2026-03-02 12:24:39,443 - INFO - Launching browser with saved session...
2026-03-02 12:24:40,332 - INFO - Going to LinkedIn...
2026-03-02 12:24:50,574 - INFO - Navigating to feed...
2026-03-02 12:25:05,523 - INFO - Screenshot saved: E:\Hackathon-Q4\Personal-AI-Employee-Hackathon-0\AI_Employee_Vault\mcp_servers\linkedin_mcp\final_linkedin_screenshot.png
2026-03-02 12:25:05,523 - INFO - Trying Method 1: Click Start a post button...
2026-03-02 12:25:06,158 - INFO - Clicked: button:has-text("Start a post")
2026-03-02 12:25:11,159 - INFO - Finding editor...
2026-03-02 12:25:11,175 - INFO - Found editor: [role="textbox"]
2026-03-02 12:25:12,530 - INFO - Typing post content...
2026-03-02 12:27:16,510 - INFO - Clicking Post button...
2026-03-02 12:27:21,999 - INFO - ✅ POST PUBLISHED SUCCESSFULLY!
2026-03-02 12:37:40,403 - INFO - Starting LinkedIn final post...
2026-03-02 12:37:41,633 - INFO - Launching browser with saved session...
2026-03-02 12:37:42,684 - INFO - Going to LinkedIn...
2026-03-02 12:37:50,781 - INFO - Navigating to feed...
2026-03-02 12:38:04,042 - INFO - Screenshot saved: E:\Hackathon-Q4\Personal-AI-Employee-Hackathon-0\AI_Employee_Vault\mcp_servers\linkedin_mcp\final_linkedin_screenshot.png
2026-03-02 12:38:04,043 - INFO - Trying Method 1: Click Start a post button...
2026-03-02 12:38:04,512 - INFO - Clicked: button:has-text("Start a post")
2026-03-02 12:38:09,513 - INFO - Finding editor...
2026-03-02 12:38:09,537 - INFO - Found editor: [role="textbox"]
2026-03-02 12:38:10,921 - INFO - Typing post content...
2026-03-02 12:40:15,543 - INFO - Clicking Post button...
2026-03-02 12:40:21,034 - INFO - ✅ POST PUBLISHED SUCCESSFULLY!
2026-03-02 12:52:25,180 - INFO - Starting LinkedIn final post...
2026-03-02 12:52:26,229 - INFO - Launching browser with saved session...
2026-03-02 12:52:27,158 - INFO - Going to LinkedIn...
2026-03-02 12:52:37,666 - INFO - Navigating to feed...
2026-03-02 12:52:51,610 - INFO - Screenshot saved: E:\Hackathon-Q4\Personal-AI-Employee-Hackathon-0\AI_Employee_Vault\mcp_servers\linkedin_mcp\final_linkedin_screenshot.png
2026-03-02 12:52:51,611 - INFO - Trying Method 1: Click Start a post button...
2026-03-02 12:52:52,151 - INFO - Clicked: button:has-text("Start a post")
2026-03-02 12:52:57,151 - INFO - Finding editor...
2026-03-02 12:52:57,160 - INFO - Found editor: [role="textbox"]
2026-03-02 12:52:58,530 - INFO - Typing post content...
2026-03-02 12:54:59,359 - INFO - Clicking Post button...
2026-03-02 12:55:04,824 - INFO - ✅ POST PUBLISHED SUCCESSFULLY!
2026-03-02 13:03:26,468 - INFO - Starting LinkedIn final post...
2026-03-02 13:03:27,614 - INFO - Launching browser with saved session...
2026-03-02 13:03:28,475 - INFO - Going to LinkedIn...
2026-03-02 13:03:36,539 - INFO - Navigating to feed...
2026-03-02 13:03:50,660 - INFO - Screenshot saved: E:\Hackathon-Q4\Personal-AI-Employee-Hackathon-0\AI_Employee_Vault\mcp_servers\linkedin_mcp\final_linkedin_screenshot.png
2026-03-02 13:03:50,660 - INFO - Trying Method 1: Click Start a post button...
2026-03-02 13:03:51,275 - INFO - Clicked: button:has-text("Start a post")
2026-03-02 13:03:56,275 - INFO - Finding editor...
2026-03-02 13:03:56,285 - INFO - Found editor: [role="textbox"]
2026-03-02 13:03:57,636 - INFO - Typing post content...
2026-03-02 13:05:59,756 - INFO - Clicking Post button...
2026-03-02 13:06:05,219 - INFO - ✅ POST PUBLISHED SUCCESSFULLY!
2026-03-02 13:09:07,371 - INFO - Starting LinkedIn final post...
2026-03-02 13:09:08,481 - INFO - Launching browser with saved session...
2026-03-02 13:09:09,351 - INFO - Going to LinkedIn...
2026-03-02 13:09:17,415 - INFO - Navigating to feed...
2026-03-02 13:09:32,087 - INFO - Screenshot saved: E:\Hackathon-Q4\Personal-AI-Employee-Hackathon-0\AI_Employee_Vault\mcp_servers\linkedin_mcp\final_linkedin_screenshot.png
2026-03-02 13:09:32,087 - INFO - Trying Method 1: Click Start a post button...
2026-03-02 13:09:33,798 - INFO - Clicked: button:has-text("Start a post")
2026-03-02 13:09:38,799 - INFO - Finding editor...
2026-03-02 13:09:38,809 - INFO - Found editor: [role="textbox"]
2026-03-02 13:09:40,174 - INFO - Typing post content...
2026-03-02 13:11:43,545 - INFO - Clicking Post button...
2026-03-02 13:11:49,075 - INFO - ✅ POST PUBLISHED SUCCESSFULLY!
2026-03-02 13:32:59,502 - INFO - Starting LinkedIn final post...
2026-03-02 13:33:05,260 - INFO - Launching browser with saved session...
2026-03-02 13:33:06,651 - INFO - Going to LinkedIn...
2026-03-02 13:33:14,893 - INFO - Navigating to feed...
2026-03-02 13:33:29,832 - INFO - Screenshot saved: E:\Hackathon-Q4\Personal-AI-Employee-Hackathon-0\AI_Employee_Vault\mcp_servers\linkedin_mcp\final_linkedin_screenshot.png
2026-03-02 13:33:29,832 - INFO - Trying Method 1: Click Start a post button...
2026-03-02 13:33:30,447 - INFO - Clicked: button:has-text("Start a post")
2026-03-02 13:33:35,447 - INFO - Finding editor...
2026-03-02 13:33:35,480 - INFO - Found editor: [role="textbox"]
2026-03-02 13:33:36,848 - INFO - Typing post content...
2026-03-02 13:35:40,259 - INFO - Clicking Post button...
2026-03-02 13:35:45,739 - INFO - ✅ POST PUBLISHED SUCCESSFULLY!
2026-03-02 13:36:42,535 - INFO - Starting LinkedIn final post...
2026-03-02 13:36:43,646 - INFO - Launching browser with saved session...
2026-03-02 13:36:44,551 - INFO - Going to LinkedIn...
2026-03-02 13:36:52,290 - INFO - Navigating to feed...
2026-03-02 13:37:06,191 - INFO - Screenshot saved: E:\Hackathon-Q4\Personal-AI-Employee-Hackathon-0\AI_Employee_Vault\mcp_servers\linkedin_mcp\final_linkedin_screenshot.png
2026-03-02 13:37:06,191 - INFO - Trying Method 1: Click Start a post button...
2026-03-02 13:37:06,685 - INFO - Clicked: button:has-text("Start a post")
2026-03-02 13:37:11,686 - INFO - Finding editor...
2026-03-02 13:37:11,718 - INFO - Found editor: [role="textbox"]
2026-03-02 13:37:13,089 - INFO - Typing post content...
2026-03-02 13:39:16,337 - INFO - Clicking Post button...
2026-03-02 13:39:21,796 - INFO - ✅ POST PUBLISHED SUCCESSFULLY!
2026-03-02 13:41:34,216 - INFO - Starting LinkedIn final post...
2026-03-02 13:41:35,477 - INFO - Launching browser with saved session...
2026-03-02 13:41:36,500 - INFO - Going to LinkedIn...
2026-03-02 13:41:44,714 - INFO - Navigating to feed...
2026-03-02 13:41:59,872 - INFO - Screenshot saved: E:\Hackathon-Q4\Personal-AI-Employee-Hackathon-0\AI_Employee_Vault\mcp_servers\linkedin_mcp\final_linkedin_screenshot.png
2026-03-02 13:41:59,872 - INFO - Trying Method 1: Click Start a post button...
2026-03-02 13:42:00,524 - INFO - Clicked: button:has-text("Start a post")
2026-03-02 13:42:05,525 - INFO - Finding editor...
2026-03-02 13:42:05,532 - INFO - Found editor: [role="textbox"]
2026-03-02 13:42:06,868 - INFO - Typing post content...
2026-03-02 13:44:11,276 - INFO - Clicking Post button...
2026-03-02 13:44:16,760 - INFO - ✅ POST PUBLISHED SUCCESSFULLY!
2026-03-02 13:52:04,899 - INFO - Starting LinkedIn final post...
2026-03-02 13:52:06,045 - INFO - Launching browser with saved session...
2026-03-02 13:52:06,959 - INFO - Going to LinkedIn...
2026-03-02 13:52:15,918 - INFO - Navigating to feed...
2026-03-02 13:52:29,761 - INFO - Screenshot saved: E:\Hackathon-Q4\Personal-AI-Employee-Hackathon-0\AI_Employee_Vault\mcp_servers\linkedin_mcp\final_linkedin_screenshot.png
2026-03-02 13:52:29,762 - INFO - Trying Method 1: Click Start a post button...
2026-03-02 13:52:30,236 - INFO - Clicked: button:has-text("Start a post")
2026-03-02 13:52:35,236 - INFO - Finding editor...
2026-03-02 13:52:35,258 - INFO - Found editor: [role="textbox"]
2026-03-02 13:52:36,635 - INFO - Typing post content...
2026-03-02 13:54:40,650 - INFO - Clicking Post button...
2026-03-02 13:54:46,088 - INFO - ✅ POST PUBLISHED SUCCESSFULLY!
